[parser.yy (info)] Line 377: 
Production Rules
(rule precedences determined from %prec or 1st terminal between parentheses):
1: program ->  declaration_list procedure_definition
2: declaration_list ->  procedure_declaration
3: declaration_list ->  variable_declaration_list procedure_declaration
4: declaration_list ->  procedure_declaration variable_declaration_list
5: procedure_declaration (VOID) ->  VOID NAME '(' ')' ';'
6: procedure_definition (NAME) ->  NAME '(' ')' #0001 '{' optional_variable_declaration_list #0002 statement_list '}'
7: #0001 ->  <empty>
8: #0002 ->  <empty>
9: optional_variable_declaration_list ->  <empty>
10: optional_variable_declaration_list ->  variable_declaration_list
11: variable_declaration_list ->  variable_declaration
12: variable_declaration_list ->  variable_declaration_list variable_declaration
13: variable_declaration (';') ->  declaration ';'
14: declaration (INTEGER) ->  INTEGER NAME
15: declaration (FLOAT) ->  FLOAT NAME
16: statement_list ->  <empty>
17: statement_list ->  statement_list assignment_statement
18: assignment_statement (ASSIGN) ->  variable ASSIGN arith_expression ';'
19: arith_expression ->  <empty>
20: operand ->  arith_expression
21: expression_term ->  variable
22: expression_term ->  constant
23: variable (NAME) ->  NAME
24: constant (INTEGER_NUMBER) ->  INTEGER_NUMBER
25: constant (DOUBLE_NUMBER) ->  DOUBLE_NUMBER
26: program_$ ->  program

[parser.yy (info)] 
Symbolic Terminal tokens:
       error
       EOF
    43: '+'
    45: '-'
    42: '*'
    47: '/'
   257: UMINUS
    40: '('
   258: INTEGER_NUMBER
   259: NAME
   260: DOUBLE_NUMBER
   261: RETURN
   262: INTEGER
   263: FLOAT
   264: ASSIGN
   265: VOID
    41: ')'
    59: ';'
   123: '{'
   125: '}'

[parser.yy (info)] 
[parser.yy (info)] 
[parser.yy (info)] 
Grammar States: 
[parser.yy (info)] State 0:
26: program_$ ->  . program 
  0:   On program to state 1
  1:   On declaration_list to state 2
  2:   On procedure_declaration to state 3
  3:   On variable_declaration_list to state 4
  4:   On VOID to state 5
  5:   On variable_declaration to state 6
  6:   On declaration to state 7
  7:   On INTEGER to state 8
  8:   On FLOAT to state 9


State 1:
26: program_$ -> program  . 


State 2:
1: program -> declaration_list  . procedure_definition 
  0:   On procedure_definition to state 10
  1:   On NAME to state 11


State 3:
2: declaration_list -> procedure_declaration  . 
4: declaration_list -> procedure_declaration  . variable_declaration_list 
  0:   On variable_declaration_list to state 12
  1:   On variable_declaration to state 6
  2:   On declaration to state 7
  3:   On INTEGER to state 8
  4:   On FLOAT to state 9
  Reduce by 2: declaration_list -> procedure_declaration  . 


State 4:
3: declaration_list -> variable_declaration_list  . procedure_declaration 
12: variable_declaration_list -> variable_declaration_list  . variable_declaration 
  0:   On procedure_declaration to state 13
  1:   On variable_declaration to state 14
  2:   On VOID to state 5
  3:   On declaration to state 7
  4:   On INTEGER to state 8
  5:   On FLOAT to state 9


State 5:
5: procedure_declaration -> VOID  . NAME '(' ')' ';' 
  0:   On NAME to state 15


State 6:
11: variable_declaration_list -> variable_declaration  . 
  Reduce by 11: variable_declaration_list -> variable_declaration  . 


State 7:
13: variable_declaration -> declaration  . ';' 
  0:   On ';' to state 16


State 8:
14: declaration -> INTEGER  . NAME 
  0:   On NAME to state 17


State 9:
15: declaration -> FLOAT  . NAME 
  0:   On NAME to state 18


State 10:
1: program -> declaration_list procedure_definition  . 
  Reduce by 1: program -> declaration_list procedure_definition  . 


State 11:
6: procedure_definition -> NAME  . '(' ')' #0001 '{' optional_variable_declaration_list #0002 statement_list '}' 
  0:   On '(' to state 19


State 12:
4: declaration_list -> procedure_declaration variable_declaration_list  . 
12: variable_declaration_list -> variable_declaration_list  . variable_declaration 
  0:   On variable_declaration to state 14
  1:   On declaration to state 7
  2:   On INTEGER to state 8
  3:   On FLOAT to state 9
  Reduce by 4: declaration_list -> procedure_declaration variable_declaration_list  . 


State 13:
3: declaration_list -> variable_declaration_list procedure_declaration  . 
  Reduce by 3: declaration_list -> variable_declaration_list procedure_declaration  . 


State 14:
12: variable_declaration_list -> variable_declaration_list variable_declaration  . 
  Reduce by 12: variable_declaration_list -> variable_declaration_list variable_declaration  . 


State 15:
5: procedure_declaration -> VOID NAME  . '(' ')' ';' 
  0:   On '(' to state 20


State 16:
13: variable_declaration -> declaration ';'  . 
  Reduce by 13: variable_declaration -> declaration ';'  . 


State 17:
14: declaration -> INTEGER NAME  . 
  Reduce by 14: declaration -> INTEGER NAME  . 


State 18:
15: declaration -> FLOAT NAME  . 
  Reduce by 15: declaration -> FLOAT NAME  . 


State 19:
6: procedure_definition -> NAME '('  . ')' #0001 '{' optional_variable_declaration_list #0002 statement_list '}' 
  0:   On ')' to state 21


State 20:
5: procedure_declaration -> VOID NAME '('  . ')' ';' 
  0:   On ')' to state 22


State 21:
6: procedure_definition -> NAME '(' ')'  . #0001 '{' optional_variable_declaration_list #0002 statement_list '}' 
  0:   On #0001 to state 23
  Reduce by 7: #0001 ->  . 


State 22:
5: procedure_declaration -> VOID NAME '(' ')'  . ';' 
  0:   On ';' to state 24


State 23:
6: procedure_definition -> NAME '(' ')' #0001  . '{' optional_variable_declaration_list #0002 statement_list '}' 
  0:   On '{' to state 25


State 24:
5: procedure_declaration -> VOID NAME '(' ')' ';'  . 
  Reduce by 5: procedure_declaration -> VOID NAME '(' ')' ';'  . 


State 25:
6: procedure_definition -> NAME '(' ')' #0001 '{'  . optional_variable_declaration_list #0002 statement_list '}' 
  0:   On optional_variable_declaration_list to state 26
  1:   On variable_declaration_list to state 27
  2:   On variable_declaration to state 6
  3:   On declaration to state 7
  4:   On INTEGER to state 8
  5:   On FLOAT to state 9
  Reduce by 9: optional_variable_declaration_list ->  . 


State 26:
6: procedure_definition -> NAME '(' ')' #0001 '{' optional_variable_declaration_list  . #0002 statement_list '}' 
  0:   On #0002 to state 28
  Reduce by 8: #0002 ->  . 


State 27:
10: optional_variable_declaration_list -> variable_declaration_list  . 
12: variable_declaration_list -> variable_declaration_list  . variable_declaration 
  0:   On variable_declaration to state 14
  1:   On declaration to state 7
  2:   On INTEGER to state 8
  3:   On FLOAT to state 9
  Reduce by 10: optional_variable_declaration_list -> variable_declaration_list  . 


State 28:
6: procedure_definition -> NAME '(' ')' #0001 '{' optional_variable_declaration_list #0002  . statement_list '}' 
  0:   On statement_list to state 29
  Reduce by 16: statement_list ->  . 


State 29:
6: procedure_definition -> NAME '(' ')' #0001 '{' optional_variable_declaration_list #0002 statement_list  . '}' 
17: statement_list -> statement_list  . assignment_statement 
  0:   On '}' to state 30
  1:   On assignment_statement to state 31
  2:   On variable to state 32
  3:   On NAME to state 33


State 30:
6: procedure_definition -> NAME '(' ')' #0001 '{' optional_variable_declaration_list #0002 statement_list '}'  . 
  Reduce by 6: procedure_definition -> NAME '(' ')' #0001 '{' optional_variable_declaration_list #0002 statement_list '}'  . 


State 31:
17: statement_list -> statement_list assignment_statement  . 
  Reduce by 17: statement_list -> statement_list assignment_statement  . 


State 32:
18: assignment_statement -> variable  . ASSIGN arith_expression ';' 
  0:   On ASSIGN to state 34


State 33:
23: variable -> NAME  . 
  Reduce by 23: variable -> NAME  . 


State 34:
18: assignment_statement -> variable ASSIGN  . arith_expression ';' 
  0:   On arith_expression to state 35
  Reduce by 19: arith_expression ->  . 


State 35:
18: assignment_statement -> variable ASSIGN arith_expression  . ';' 
  0:   On ';' to state 36


State 36:
18: assignment_statement -> variable ASSIGN arith_expression ';'  . 
  Reduce by 18: assignment_statement -> variable ASSIGN arith_expression ';'  . 



